_SYSTEMD_CGROUP=/system.slice/docker.service
_SYSTEMD_UNIT=docker.service
_SYSTEMD_SLICE=system.slice
_CMDLINE=/usr/bin/dockerd --debug --tlsverify --tlscacert=/root/cert-docker/ca.pem --tlscert=/root/cert-docker/server-cert.pem --tlskey=/root/cert-docker/server-key.pem -H fd:// -H=0.0.0.0:2376
_STREAM_ID=0c9eea74e4ce44328ff4a3b818fc9c93
_PID=100751
_SYSTEMD_INVOCATION_ID=f3e64f46b0ed4208b8411215c1dca0a8
MESSAGE=time="2024-03-05T10:38:04.105411928Z" level=debug msg="Calling POST /v1.44/containers/create?name=treafik"

__CURSOR=s=be85408c83694d81b0a94d427d1c7ad3;i=2f89a;b=c54105ff9c8644ee8f419f282d00f6a6;m=5f1dc4cdaf;t=612e76fe238a7;x=7ea5e1dcd56c4d7
__REALTIME_TIMESTAMP=1709635084105895
__MONOTONIC_TIMESTAMP=408521330095
_BOOT_ID=c54105ff9c8644ee8f419f282d00f6a6
PRIORITY=6
_MACHINE_ID=4b247d84948443a280a23d42ebbf652a
_HOSTNAME=localhost
_TRANSPORT=stdout
SYSLOG_FACILITY=3
SYSLOG_IDENTIFIER=dockerd
_UID=0
_GID=0
_COMM=dockerd
_EXE=/usr/bin/dockerd
_CAP_EFFECTIVE=1ffffffffff
_SELINUX_CONTEXT

unconfined

_SYSTEMD_CGROUP=/system.slice/docker.service
_SYSTEMD_UNIT=docker.service
_SYSTEMD_SLICE=system.slice
_CMDLINE=/usr/bin/dockerd --debug --tlsverify --tlscacert=/root/cert-docker/ca.pem --tlscert=/root/cert-docker/server-cert.pem --tlskey=/root/cert-docker/server-key.pem -H fd:// -H=0.0.0.0:2376
_STREAM_ID=0c9eea74e4ce44328ff4a3b818fc9c93
_PID=100751
_SYSTEMD_INVOCATION_ID=f3e64f46b0ed4208b8411215c1dca0a8
MESSAGE=time="2024-03-05T10:38:04.105822403Z" level=debug msg="form data: {\"AttachStderr\":false,\"AttachStdin\":false,\"AttachStdout\":false,\"Cmd\":[\"--api.insecure=true\",\"--providers.docker=true\",\"--providers.docker.exposedbydefault=false\",\"--entrypoints.web.address=:80\",\"--entrypoints.websecure.address=:443\",\"--certificatesresolvers.myresolver.acme.tlschallenge=true\",\"--certificatesresolvers.myresolver.acme.email=clement.chalopin@gmail.com\",\"--certificatesresolvers.myresolver.acme.storage=/letsencrypt/acme.json\"],\"Domainname\":\"\",\"Entrypoint\":null,\"Env\":null,\"HostConfig\":{\"AutoRemove\":false,\"Binds\":[\"/root/letsencrypt:/letsencrypt\",\"/var/run/docker.sock:/var/run/docker.sock:ro\"],\"BlkioDeviceReadBps\":null,\"BlkioDeviceReadIOps\":null,\"BlkioDeviceWriteBps\":null,\"BlkioDeviceWriteIOps\":null,\"BlkioWeight\":0,\"BlkioWeightDevice\":null,\"CapAdd\":null,\"CapDrop\":null,\"Cgroup\":\"\",\"CgroupParent\":\"\",\"CgroupnsMode\":\"\",\"ConsoleSize\":[0,0],\"ContainerIDFile\":\"\",\"CpuCount\":0,\"CpuPercent\":0,\"CpuPeriod\":0,\"CpuQuota\":0,\"CpuRealtimePeriod\":0,\"CpuRealtimeRuntime\":0,\"CpuShares\":0,\"CpusetCpus\":\"\",\"CpusetMems\":\"\",\"DeviceCgroupRules\":null,\"DeviceRequests\":null,\"Devices\":null,\"Dns\":null,\"DnsOptions\":null,\"DnsSearch\":null,\"ExtraHosts\":null,\"GroupAdd\":null,\"IOMaximumBandwidth\":0,\"IOMaximumIOps\":0,\"IpcMode\":\"\",\"Isolation\":\"\",\"Links\":null,\"LogConfig\":{\"Config\":null,\"Type\":\"\"},\"MaskedPaths\":null,\"Memory\":0,\"MemoryReservation\":0,\"MemorySwap\":0,\"MemorySwappiness\":null,\"NanoCpus\":0,\"NetworkMode\":\"default\",\"OomKillDisable\":null,\"OomScoreAdj\":0,\"PidMode\":\"\",\"PidsLimit\":null,\"PortBindings\":{\"443/tcp\":[{\"HostIp\":\"\",\"HostPort\":\"443\"}],\"80/tcp\":[{\"HostIp\":\"\",\"HostPort\":\"80\"}],\"8080/tcp\":[{\"HostIp\":\"\",\"HostPort\":\"8080\"}]},\"Privileged\":false,\"PublishAllPorts\":false,\"ReadonlyPaths\":null,\"ReadonlyRootfs\":false,\"RestartPolicy\":{\"MaximumRetryCount\":0,\"Name\":\"\"},\"SecurityOpt\":null,\"ShmSize\":0,\"UTSMode\":\"\",\"Ulimits\":null,\"UsernsMode\":\"\",\"VolumeDriver\":\"\",\"VolumesFrom\":null},\"Hostname\":\"\",\"Image\":\"traefik:v2.11\",\"Labels\":null,\"NetworkingConfig\":{\"EndpointsConfig\":{\"default\":{\"Aliases\":null,\"DNSNames\":null,\"DriverOpts\":null,\"EndpointID\":\"\",\"Gateway\":\"\",\"GlobalIPv6Address\":\"\",\"GlobalIPv6PrefixLen\":0,\"IPAMConfig\":null,\"IPAddress\":\"\",\"IPPrefixLen\":0,\"IPv6Gateway\":\"\",\"Links\":null,\"MacAddress\":\"\",\"NetworkID\":\"\"}}},\"OnBuild\":null,\"OpenStdin\":false,\"StdinOnce\":false,\"Tty\":false,\"User\":\"\",\"Volumes\":null,\"WorkingDir\":\"\"}"